生成启动时间为 2018/2/28 15:38:28。
     1>项目“E:\Users\Bert\Documents\GitHub\VS_BSPv2.0\BSP2.0\VS_BSPv2.0.vcxproj”在节点 2 上(Build 个目标)。
     1>ClCompile:
         BSP_DAC5571.c
         c:\sysgcc\arm-eabi\bin\arm-eabi-gcc.exe -mthumb -mcpu=cortex-m3 -IE:/Users/Bert/Documents/GitHub/VS_BSPv2.0/BSP2.0/ -IInc -IDrivers/CMSIS/Device/ST/STM32F1xx/Include -IDrivers/STM32F1xx_HAL_Driver/Inc -IDrivers/STM32F1xx_HAL_Driver/Src -IDrivers/STM32F1xx_HAL_Driver/Inc/Legacy -IDrivers/CMSIS/Include -ggdb -O3 -DARM_MATH_CM3 -DSTM32F103RCTx -DNDEBUG=1 -DRELEASE=1 -Dflash_layout -DSTM32F103xE -DNDEBUG=1 -DRELEASE=1 -ffunction-sections -fdata-sections   -c "Src/BSP_DAC5571.c" -o "VisualGDB/Release/BSP_DAC5571.o" -MD -MP -MF "VisualGDB/Release/BSP_DAC5571.dep"
         bsp_DataTransmissionLayer.c
         c:\sysgcc\arm-eabi\bin\arm-eabi-gcc.exe -mthumb -mcpu=cortex-m3 -IE:/Users/Bert/Documents/GitHub/VS_BSPv2.0/BSP2.0/ -IInc -IDrivers/CMSIS/Device/ST/STM32F1xx/Include -IDrivers/STM32F1xx_HAL_Driver/Inc -IDrivers/STM32F1xx_HAL_Driver/Src -IDrivers/STM32F1xx_HAL_Driver/Inc/Legacy -IDrivers/CMSIS/Include -ggdb -O3 -DARM_MATH_CM3 -DSTM32F103RCTx -DNDEBUG=1 -DRELEASE=1 -Dflash_layout -DSTM32F103xE -DNDEBUG=1 -DRELEASE=1 -ffunction-sections -fdata-sections   -c "Src/bsp_DataTransmissionLayer.c" -o "VisualGDB/Release/bsp_DataTransmissionLayer.o" -MD -MP -MF "VisualGDB/Release/bsp_DataTransmissionLayer.dep"
         bsp_gentlesensor.c
         c:\sysgcc\arm-eabi\bin\arm-eabi-gcc.exe -mthumb -mcpu=cortex-m3 -IE:/Users/Bert/Documents/GitHub/VS_BSPv2.0/BSP2.0/ -IInc -IDrivers/CMSIS/Device/ST/STM32F1xx/Include -IDrivers/STM32F1xx_HAL_Driver/Inc -IDrivers/STM32F1xx_HAL_Driver/Src -IDrivers/STM32F1xx_HAL_Driver/Inc/Legacy -IDrivers/CMSIS/Include -ggdb -O3 -DARM_MATH_CM3 -DSTM32F103RCTx -DNDEBUG=1 -DRELEASE=1 -Dflash_layout -DSTM32F103xE -DNDEBUG=1 -DRELEASE=1 -ffunction-sections -fdata-sections   -c "Src/bsp_gentlesensor.c" -o "VisualGDB/Release/bsp_gentlesensor.o" -MD -MP -MF "VisualGDB/Release/bsp_gentlesensor.dep"
         bsp_led.c
         c:\sysgcc\arm-eabi\bin\arm-eabi-gcc.exe -mthumb -mcpu=cortex-m3 -IE:/Users/Bert/Documents/GitHub/VS_BSPv2.0/BSP2.0/ -IInc -IDrivers/CMSIS/Device/ST/STM32F1xx/Include -IDrivers/STM32F1xx_HAL_Driver/Inc -IDrivers/STM32F1xx_HAL_Driver/Src -IDrivers/STM32F1xx_HAL_Driver/Inc/Legacy -IDrivers/CMSIS/Include -ggdb -O3 -DARM_MATH_CM3 -DSTM32F103RCTx -DNDEBUG=1 -DRELEASE=1 -Dflash_layout -DSTM32F103xE -DNDEBUG=1 -DRELEASE=1 -ffunction-sections -fdata-sections   -c "Src/bsp_led.c" -o "VisualGDB/Release/bsp_led.o" -MD -MP -MF "VisualGDB/Release/bsp_led.dep"
         bsp_motor.c
         c:\sysgcc\arm-eabi\bin\arm-eabi-gcc.exe -mthumb -mcpu=cortex-m3 -IE:/Users/Bert/Documents/GitHub/VS_BSPv2.0/BSP2.0/ -IInc -IDrivers/CMSIS/Device/ST/STM32F1xx/Include -IDrivers/STM32F1xx_HAL_Driver/Inc -IDrivers/STM32F1xx_HAL_Driver/Src -IDrivers/STM32F1xx_HAL_Driver/Inc/Legacy -IDrivers/CMSIS/Include -ggdb -O3 -DARM_MATH_CM3 -DSTM32F103RCTx -DNDEBUG=1 -DRELEASE=1 -Dflash_layout -DSTM32F103xE -DNDEBUG=1 -DRELEASE=1 -ffunction-sections -fdata-sections   -c "Src/bsp_motor.c" -o "VisualGDB/Release/bsp_motor.o" -MD -MP -MF "VisualGDB/Release/bsp_motor.dep"
         bsp_ProtocolLayer.c
         c:\sysgcc\arm-eabi\bin\arm-eabi-gcc.exe -mthumb -mcpu=cortex-m3 -IE:/Users/Bert/Documents/GitHub/VS_BSPv2.0/BSP2.0/ -IInc -IDrivers/CMSIS/Device/ST/STM32F1xx/Include -IDrivers/STM32F1xx_HAL_Driver/Inc -IDrivers/STM32F1xx_HAL_Driver/Src -IDrivers/STM32F1xx_HAL_Driver/Inc/Legacy -IDrivers/CMSIS/Include -ggdb -O3 -DARM_MATH_CM3 -DSTM32F103RCTx -DNDEBUG=1 -DRELEASE=1 -Dflash_layout -DSTM32F103xE -DNDEBUG=1 -DRELEASE=1 -ffunction-sections -fdata-sections   -c "Src/bsp_ProtocolLayer.c" -o "VisualGDB/Release/bsp_ProtocolLayer.o" -MD -MP -MF "VisualGDB/Release/bsp_ProtocolLayer.dep"
         gpio.c
         c:\sysgcc\arm-eabi\bin\arm-eabi-gcc.exe -mthumb -mcpu=cortex-m3 -IE:/Users/Bert/Documents/GitHub/VS_BSPv2.0/BSP2.0/ -IInc -IDrivers/CMSIS/Device/ST/STM32F1xx/Include -IDrivers/STM32F1xx_HAL_Driver/Inc -IDrivers/STM32F1xx_HAL_Driver/Src -IDrivers/STM32F1xx_HAL_Driver/Inc/Legacy -IDrivers/CMSIS/Include -ggdb -O3 -DARM_MATH_CM3 -DSTM32F103RCTx -DNDEBUG=1 -DRELEASE=1 -Dflash_layout -DSTM32F103xE -DNDEBUG=1 -DRELEASE=1 -ffunction-sections -fdata-sections   -c "Src/gpio.c" -o "VisualGDB/Release/gpio.o" -MD -MP -MF "VisualGDB/Release/gpio.dep"
         adc.c
         c:\sysgcc\arm-eabi\bin\arm-eabi-gcc.exe -mthumb -mcpu=cortex-m3 -IE:/Users/Bert/Documents/GitHub/VS_BSPv2.0/BSP2.0/ -IInc -IDrivers/CMSIS/Device/ST/STM32F1xx/Include -IDrivers/STM32F1xx_HAL_Driver/Inc -IDrivers/STM32F1xx_HAL_Driver/Src -IDrivers/STM32F1xx_HAL_Driver/Inc/Legacy -IDrivers/CMSIS/Include -ggdb -O3 -DARM_MATH_CM3 -DSTM32F103RCTx -DNDEBUG=1 -DRELEASE=1 -Dflash_layout -DSTM32F103xE -DNDEBUG=1 -DRELEASE=1 -ffunction-sections -fdata-sections   -c "Src/adc.c" -o "VisualGDB/Release/adc.o" -MD -MP -MF "VisualGDB/Release/adc.dep"
         dma.c
         c:\sysgcc\arm-eabi\bin\arm-eabi-gcc.exe -mthumb -mcpu=cortex-m3 -IE:/Users/Bert/Documents/GitHub/VS_BSPv2.0/BSP2.0/ -IInc -IDrivers/CMSIS/Device/ST/STM32F1xx/Include -IDrivers/STM32F1xx_HAL_Driver/Inc -IDrivers/STM32F1xx_HAL_Driver/Src -IDrivers/STM32F1xx_HAL_Driver/Inc/Legacy -IDrivers/CMSIS/Include -ggdb -O3 -DARM_MATH_CM3 -DSTM32F103RCTx -DNDEBUG=1 -DRELEASE=1 -Dflash_layout -DSTM32F103xE -DNDEBUG=1 -DRELEASE=1 -ffunction-sections -fdata-sections   -c "Src/dma.c" -o "VisualGDB/Release/dma.o" -MD -MP -MF "VisualGDB/Release/dma.dep"
         i2c.c
         c:\sysgcc\arm-eabi\bin\arm-eabi-gcc.exe -mthumb -mcpu=cortex-m3 -IE:/Users/Bert/Documents/GitHub/VS_BSPv2.0/BSP2.0/ -IInc -IDrivers/CMSIS/Device/ST/STM32F1xx/Include -IDrivers/STM32F1xx_HAL_Driver/Inc -IDrivers/STM32F1xx_HAL_Driver/Src -IDrivers/STM32F1xx_HAL_Driver/Inc/Legacy -IDrivers/CMSIS/Include -ggdb -O3 -DARM_MATH_CM3 -DSTM32F103RCTx -DNDEBUG=1 -DRELEASE=1 -Dflash_layout -DSTM32F103xE -DNDEBUG=1 -DRELEASE=1 -ffunction-sections -fdata-sections   -c "Src/i2c.c" -o "VisualGDB/Release/i2c.o" -MD -MP -MF "VisualGDB/Release/i2c.dep"
         spi.c
         c:\sysgcc\arm-eabi\bin\arm-eabi-gcc.exe -mthumb -mcpu=cortex-m3 -IE:/Users/Bert/Documents/GitHub/VS_BSPv2.0/BSP2.0/ -IInc -IDrivers/CMSIS/Device/ST/STM32F1xx/Include -IDrivers/STM32F1xx_HAL_Driver/Inc -IDrivers/STM32F1xx_HAL_Driver/Src -IDrivers/STM32F1xx_HAL_Driver/Inc/Legacy -IDrivers/CMSIS/Include -ggdb -O3 -DARM_MATH_CM3 -DSTM32F103RCTx -DNDEBUG=1 -DRELEASE=1 -Dflash_layout -DSTM32F103xE -DNDEBUG=1 -DRELEASE=1 -ffunction-sections -fdata-sections   -c "Src/spi.c" -o "VisualGDB/Release/spi.o" -MD -MP -MF "VisualGDB/Release/spi.dep"
         tim.c
         c:\sysgcc\arm-eabi\bin\arm-eabi-gcc.exe -mthumb -mcpu=cortex-m3 -IE:/Users/Bert/Documents/GitHub/VS_BSPv2.0/BSP2.0/ -IInc -IDrivers/CMSIS/Device/ST/STM32F1xx/Include -IDrivers/STM32F1xx_HAL_Driver/Inc -IDrivers/STM32F1xx_HAL_Driver/Src -IDrivers/STM32F1xx_HAL_Driver/Inc/Legacy -IDrivers/CMSIS/Include -ggdb -O3 -DARM_MATH_CM3 -DSTM32F103RCTx -DNDEBUG=1 -DRELEASE=1 -Dflash_layout -DSTM32F103xE -DNDEBUG=1 -DRELEASE=1 -ffunction-sections -fdata-sections   -c "Src/tim.c" -o "VisualGDB/Release/tim.o" -MD -MP -MF "VisualGDB/Release/tim.dep"
         usart.c
         c:\sysgcc\arm-eabi\bin\arm-eabi-gcc.exe -mthumb -mcpu=cortex-m3 -IE:/Users/Bert/Documents/GitHub/VS_BSPv2.0/BSP2.0/ -IInc -IDrivers/CMSIS/Device/ST/STM32F1xx/Include -IDrivers/STM32F1xx_HAL_Driver/Inc -IDrivers/STM32F1xx_HAL_Driver/Src -IDrivers/STM32F1xx_HAL_Driver/Inc/Legacy -IDrivers/CMSIS/Include -ggdb -O3 -DARM_MATH_CM3 -DSTM32F103RCTx -DNDEBUG=1 -DRELEASE=1 -Dflash_layout -DSTM32F103xE -DNDEBUG=1 -DRELEASE=1 -ffunction-sections -fdata-sections   -c "Src/usart.c" -o "VisualGDB/Release/usart.o" -MD -MP -MF "VisualGDB/Release/usart.dep"
         stm32f1xx_it.c
         c:\sysgcc\arm-eabi\bin\arm-eabi-gcc.exe -mthumb -mcpu=cortex-m3 -IE:/Users/Bert/Documents/GitHub/VS_BSPv2.0/BSP2.0/ -IInc -IDrivers/CMSIS/Device/ST/STM32F1xx/Include -IDrivers/STM32F1xx_HAL_Driver/Inc -IDrivers/STM32F1xx_HAL_Driver/Src -IDrivers/STM32F1xx_HAL_Driver/Inc/Legacy -IDrivers/CMSIS/Include -ggdb -O3 -DARM_MATH_CM3 -DSTM32F103RCTx -DNDEBUG=1 -DRELEASE=1 -Dflash_layout -DSTM32F103xE -DNDEBUG=1 -DRELEASE=1 -ffunction-sections -fdata-sections   -c "Src/stm32f1xx_it.c" -o "VisualGDB/Release/stm32f1xx_it.o" -MD -MP -MF "VisualGDB/Release/stm32f1xx_it.dep"
         stm32f1xx_hal_msp.c
         c:\sysgcc\arm-eabi\bin\arm-eabi-gcc.exe -mthumb -mcpu=cortex-m3 -IE:/Users/Bert/Documents/GitHub/VS_BSPv2.0/BSP2.0/ -IInc -IDrivers/CMSIS/Device/ST/STM32F1xx/Include -IDrivers/STM32F1xx_HAL_Driver/Inc -IDrivers/STM32F1xx_HAL_Driver/Src -IDrivers/STM32F1xx_HAL_Driver/Inc/Legacy -IDrivers/CMSIS/Include -ggdb -O3 -DARM_MATH_CM3 -DSTM32F103RCTx -DNDEBUG=1 -DRELEASE=1 -Dflash_layout -DSTM32F103xE -DNDEBUG=1 -DRELEASE=1 -ffunction-sections -fdata-sections   -c "Src/stm32f1xx_hal_msp.c" -o "VisualGDB/Release/stm32f1xx_hal_msp.o" -MD -MP -MF "VisualGDB/Release/stm32f1xx_hal_msp.dep"
         main.c
         c:\sysgcc\arm-eabi\bin\arm-eabi-gcc.exe -mthumb -mcpu=cortex-m3 -IE:/Users/Bert/Documents/GitHub/VS_BSPv2.0/BSP2.0/ -IInc -IDrivers/CMSIS/Device/ST/STM32F1xx/Include -IDrivers/STM32F1xx_HAL_Driver/Inc -IDrivers/STM32F1xx_HAL_Driver/Src -IDrivers/STM32F1xx_HAL_Driver/Inc/Legacy -IDrivers/CMSIS/Include -ggdb -O3 -DARM_MATH_CM3 -DSTM32F103RCTx -DNDEBUG=1 -DRELEASE=1 -Dflash_layout -DSTM32F103xE -DNDEBUG=1 -DRELEASE=1 -ffunction-sections -fdata-sections   -c "Src/main.c" -o "VisualGDB/Release/main.o" -MD -MP -MF "VisualGDB/Release/main.dep"
         system_stm32f1xx.c
         c:\sysgcc\arm-eabi\bin\arm-eabi-gcc.exe -mthumb -mcpu=cortex-m3 -IE:/Users/Bert/Documents/GitHub/VS_BSPv2.0/BSP2.0/ -IInc -IDrivers/CMSIS/Device/ST/STM32F1xx/Include -IDrivers/STM32F1xx_HAL_Driver/Inc -IDrivers/STM32F1xx_HAL_Driver/Src -IDrivers/STM32F1xx_HAL_Driver/Inc/Legacy -IDrivers/CMSIS/Include -ggdb -O3 -DARM_MATH_CM3 -DSTM32F103RCTx -DNDEBUG=1 -DRELEASE=1 -Dflash_layout -DSTM32F103xE -DNDEBUG=1 -DRELEASE=1 -ffunction-sections -fdata-sections   -c "Drivers/CMSIS/Device/ST/STM32F1xx/Source/Templates/system_stm32f1xx.c" -o "VisualGDB/Release/system_stm32f1xx.o" -MD -MP -MF "VisualGDB/Release/system_stm32f1xx.dep"
         stm32f1xx_hal.c
         c:\sysgcc\arm-eabi\bin\arm-eabi-gcc.exe -mthumb -mcpu=cortex-m3 -IE:/Users/Bert/Documents/GitHub/VS_BSPv2.0/BSP2.0/ -IInc -IDrivers/CMSIS/Device/ST/STM32F1xx/Include -IDrivers/STM32F1xx_HAL_Driver/Inc -IDrivers/STM32F1xx_HAL_Driver/Src -IDrivers/STM32F1xx_HAL_Driver/Inc/Legacy -IDrivers/CMSIS/Include -ggdb -O3 -DARM_MATH_CM3 -DSTM32F103RCTx -DNDEBUG=1 -DRELEASE=1 -Dflash_layout -DSTM32F103xE -DNDEBUG=1 -DRELEASE=1 -ffunction-sections -fdata-sections   -c "Drivers/STM32F1xx_HAL_Driver/Src/stm32f1xx_hal.c" -o "VisualGDB/Release/stm32f1xx_hal.o" -MD -MP -MF "VisualGDB/Release/stm32f1xx_hal.dep"
         stm32f1xx_hal_adc.c
         c:\sysgcc\arm-eabi\bin\arm-eabi-gcc.exe -mthumb -mcpu=cortex-m3 -IE:/Users/Bert/Documents/GitHub/VS_BSPv2.0/BSP2.0/ -IInc -IDrivers/CMSIS/Device/ST/STM32F1xx/Include -IDrivers/STM32F1xx_HAL_Driver/Inc -IDrivers/STM32F1xx_HAL_Driver/Src -IDrivers/STM32F1xx_HAL_Driver/Inc/Legacy -IDrivers/CMSIS/Include -ggdb -O3 -DARM_MATH_CM3 -DSTM32F103RCTx -DNDEBUG=1 -DRELEASE=1 -Dflash_layout -DSTM32F103xE -DNDEBUG=1 -DRELEASE=1 -ffunction-sections -fdata-sections   -c "Drivers/STM32F1xx_HAL_Driver/Src/stm32f1xx_hal_adc.c" -o "VisualGDB/Release/stm32f1xx_hal_adc.o" -MD -MP -MF "VisualGDB/Release/stm32f1xx_hal_adc.dep"
         stm32f1xx_hal_adc_ex.c
         c:\sysgcc\arm-eabi\bin\arm-eabi-gcc.exe -mthumb -mcpu=cortex-m3 -IE:/Users/Bert/Documents/GitHub/VS_BSPv2.0/BSP2.0/ -IInc -IDrivers/CMSIS/Device/ST/STM32F1xx/Include -IDrivers/STM32F1xx_HAL_Driver/Inc -IDrivers/STM32F1xx_HAL_Driver/Src -IDrivers/STM32F1xx_HAL_Driver/Inc/Legacy -IDrivers/CMSIS/Include -ggdb -O3 -DARM_MATH_CM3 -DSTM32F103RCTx -DNDEBUG=1 -DRELEASE=1 -Dflash_layout -DSTM32F103xE -DNDEBUG=1 -DRELEASE=1 -ffunction-sections -fdata-sections   -c "Drivers/STM32F1xx_HAL_Driver/Src/stm32f1xx_hal_adc_ex.c" -o "VisualGDB/Release/stm32f1xx_hal_adc_ex.o" -MD -MP -MF "VisualGDB/Release/stm32f1xx_hal_adc_ex.dep"
         stm32f1xx_hal_uart.c
         c:\sysgcc\arm-eabi\bin\arm-eabi-gcc.exe -mthumb -mcpu=cortex-m3 -IE:/Users/Bert/Documents/GitHub/VS_BSPv2.0/BSP2.0/ -IInc -IDrivers/CMSIS/Device/ST/STM32F1xx/Include -IDrivers/STM32F1xx_HAL_Driver/Inc -IDrivers/STM32F1xx_HAL_Driver/Src -IDrivers/STM32F1xx_HAL_Driver/Inc/Legacy -IDrivers/CMSIS/Include -ggdb -O3 -DARM_MATH_CM3 -DSTM32F103RCTx -DNDEBUG=1 -DRELEASE=1 -Dflash_layout -DSTM32F103xE -DNDEBUG=1 -DRELEASE=1 -ffunction-sections -fdata-sections   -c "Drivers/STM32F1xx_HAL_Driver/Src/stm32f1xx_hal_uart.c" -o "VisualGDB/Release/stm32f1xx_hal_uart.o" -MD -MP -MF "VisualGDB/Release/stm32f1xx_hal_uart.dep"
         stm32f1xx_hal_pwr.c
         c:\sysgcc\arm-eabi\bin\arm-eabi-gcc.exe -mthumb -mcpu=cortex-m3 -IE:/Users/Bert/Documents/GitHub/VS_BSPv2.0/BSP2.0/ -IInc -IDrivers/CMSIS/Device/ST/STM32F1xx/Include -IDrivers/STM32F1xx_HAL_Driver/Inc -IDrivers/STM32F1xx_HAL_Driver/Src -IDrivers/STM32F1xx_HAL_Driver/Inc/Legacy -IDrivers/CMSIS/Include -ggdb -O3 -DARM_MATH_CM3 -DSTM32F103RCTx -DNDEBUG=1 -DRELEASE=1 -Dflash_layout -DSTM32F103xE -DNDEBUG=1 -DRELEASE=1 -ffunction-sections -fdata-sections   -c "Drivers/STM32F1xx_HAL_Driver/Src/stm32f1xx_hal_pwr.c" -o "VisualGDB/Release/stm32f1xx_hal_pwr.o" -MD -MP -MF "VisualGDB/Release/stm32f1xx_hal_pwr.dep"
         stm32f1xx_hal_spi.c
         c:\sysgcc\arm-eabi\bin\arm-eabi-gcc.exe -mthumb -mcpu=cortex-m3 -IE:/Users/Bert/Documents/GitHub/VS_BSPv2.0/BSP2.0/ -IInc -IDrivers/CMSIS/Device/ST/STM32F1xx/Include -IDrivers/STM32F1xx_HAL_Driver/Inc -IDrivers/STM32F1xx_HAL_Driver/Src -IDrivers/STM32F1xx_HAL_Driver/Inc/Legacy -IDrivers/CMSIS/Include -ggdb -O3 -DARM_MATH_CM3 -DSTM32F103RCTx -DNDEBUG=1 -DRELEASE=1 -Dflash_layout -DSTM32F103xE -DNDEBUG=1 -DRELEASE=1 -ffunction-sections -fdata-sections   -c "Drivers/STM32F1xx_HAL_Driver/Src/stm32f1xx_hal_spi.c" -o "VisualGDB/Release/stm32f1xx_hal_spi.o" -MD -MP -MF "VisualGDB/Release/stm32f1xx_hal_spi.dep"
         stm32f1xx_hal_spi_ex.c
         c:\sysgcc\arm-eabi\bin\arm-eabi-gcc.exe -mthumb -mcpu=cortex-m3 -IE:/Users/Bert/Documents/GitHub/VS_BSPv2.0/BSP2.0/ -IInc -IDrivers/CMSIS/Device/ST/STM32F1xx/Include -IDrivers/STM32F1xx_HAL_Driver/Inc -IDrivers/STM32F1xx_HAL_Driver/Src -IDrivers/STM32F1xx_HAL_Driver/Inc/Legacy -IDrivers/CMSIS/Include -ggdb -O3 -DARM_MATH_CM3 -DSTM32F103RCTx -DNDEBUG=1 -DRELEASE=1 -Dflash_layout -DSTM32F103xE -DNDEBUG=1 -DRELEASE=1 -ffunction-sections -fdata-sections   -c "Drivers/STM32F1xx_HAL_Driver/Src/stm32f1xx_hal_spi_ex.c" -o "VisualGDB/Release/stm32f1xx_hal_spi_ex.o" -MD -MP -MF "VisualGDB/Release/stm32f1xx_hal_spi_ex.dep"
         stm32f1xx_hal_flash.c
         c:\sysgcc\arm-eabi\bin\arm-eabi-gcc.exe -mthumb -mcpu=cortex-m3 -IE:/Users/Bert/Documents/GitHub/VS_BSPv2.0/BSP2.0/ -IInc -IDrivers/CMSIS/Device/ST/STM32F1xx/Include -IDrivers/STM32F1xx_HAL_Driver/Inc -IDrivers/STM32F1xx_HAL_Driver/Src -IDrivers/STM32F1xx_HAL_Driver/Inc/Legacy -IDrivers/CMSIS/Include -ggdb -O3 -DARM_MATH_CM3 -DSTM32F103RCTx -DNDEBUG=1 -DRELEASE=1 -Dflash_layout -DSTM32F103xE -DNDEBUG=1 -DRELEASE=1 -ffunction-sections -fdata-sections   -c "Drivers/STM32F1xx_HAL_Driver/Src/stm32f1xx_hal_flash.c" -o "VisualGDB/Release/stm32f1xx_hal_flash.o" -MD -MP -MF "VisualGDB/Release/stm32f1xx_hal_flash.dep"
         stm32f1xx_hal_flash_ex.c
         c:\sysgcc\arm-eabi\bin\arm-eabi-gcc.exe -mthumb -mcpu=cortex-m3 -IE:/Users/Bert/Documents/GitHub/VS_BSPv2.0/BSP2.0/ -IInc -IDrivers/CMSIS/Device/ST/STM32F1xx/Include -IDrivers/STM32F1xx_HAL_Driver/Inc -IDrivers/STM32F1xx_HAL_Driver/Src -IDrivers/STM32F1xx_HAL_Driver/Inc/Legacy -IDrivers/CMSIS/Include -ggdb -O3 -DARM_MATH_CM3 -DSTM32F103RCTx -DNDEBUG=1 -DRELEASE=1 -Dflash_layout -DSTM32F103xE -DNDEBUG=1 -DRELEASE=1 -ffunction-sections -fdata-sections   -c "Drivers/STM32F1xx_HAL_Driver/Src/stm32f1xx_hal_flash_ex.c" -o "VisualGDB/Release/stm32f1xx_hal_flash_ex.o" -MD -MP -MF "VisualGDB/Release/stm32f1xx_hal_flash_ex.dep"
         stm32f1xx_hal_gpio.c
         c:\sysgcc\arm-eabi\bin\arm-eabi-gcc.exe -mthumb -mcpu=cortex-m3 -IE:/Users/Bert/Documents/GitHub/VS_BSPv2.0/BSP2.0/ -IInc -IDrivers/CMSIS/Device/ST/STM32F1xx/Include -IDrivers/STM32F1xx_HAL_Driver/Inc -IDrivers/STM32F1xx_HAL_Driver/Src -IDrivers/STM32F1xx_HAL_Driver/Inc/Legacy -IDrivers/CMSIS/Include -ggdb -O3 -DARM_MATH_CM3 -DSTM32F103RCTx -DNDEBUG=1 -DRELEASE=1 -Dflash_layout -DSTM32F103xE -DNDEBUG=1 -DRELEASE=1 -ffunction-sections -fdata-sections   -c "Drivers/STM32F1xx_HAL_Driver/Src/stm32f1xx_hal_gpio.c" -o "VisualGDB/Release/stm32f1xx_hal_gpio.o" -MD -MP -MF "VisualGDB/Release/stm32f1xx_hal_gpio.dep"
         stm32f1xx_hal_rcc.c
         c:\sysgcc\arm-eabi\bin\arm-eabi-gcc.exe -mthumb -mcpu=cortex-m3 -IE:/Users/Bert/Documents/GitHub/VS_BSPv2.0/BSP2.0/ -IInc -IDrivers/CMSIS/Device/ST/STM32F1xx/Include -IDrivers/STM32F1xx_HAL_Driver/Inc -IDrivers/STM32F1xx_HAL_Driver/Src -IDrivers/STM32F1xx_HAL_Driver/Inc/Legacy -IDrivers/CMSIS/Include -ggdb -O3 -DARM_MATH_CM3 -DSTM32F103RCTx -DNDEBUG=1 -DRELEASE=1 -Dflash_layout -DSTM32F103xE -DNDEBUG=1 -DRELEASE=1 -ffunction-sections -fdata-sections   -c "Drivers/STM32F1xx_HAL_Driver/Src/stm32f1xx_hal_rcc.c" -o "VisualGDB/Release/stm32f1xx_hal_rcc.o" -MD -MP -MF "VisualGDB/Release/stm32f1xx_hal_rcc.dep"
         stm32f1xx_hal_rcc_ex.c
         c:\sysgcc\arm-eabi\bin\arm-eabi-gcc.exe -mthumb -mcpu=cortex-m3 -IE:/Users/Bert/Documents/GitHub/VS_BSPv2.0/BSP2.0/ -IInc -IDrivers/CMSIS/Device/ST/STM32F1xx/Include -IDrivers/STM32F1xx_HAL_Driver/Inc -IDrivers/STM32F1xx_HAL_Driver/Src -IDrivers/STM32F1xx_HAL_Driver/Inc/Legacy -IDrivers/CMSIS/Include -ggdb -O3 -DARM_MATH_CM3 -DSTM32F103RCTx -DNDEBUG=1 -DRELEASE=1 -Dflash_layout -DSTM32F103xE -DNDEBUG=1 -DRELEASE=1 -ffunction-sections -fdata-sections   -c "Drivers/STM32F1xx_HAL_Driver/Src/stm32f1xx_hal_rcc_ex.c" -o "VisualGDB/Release/stm32f1xx_hal_rcc_ex.o" -MD -MP -MF "VisualGDB/Release/stm32f1xx_hal_rcc_ex.dep"
         stm32f1xx_hal_cortex.c
         c:\sysgcc\arm-eabi\bin\arm-eabi-gcc.exe -mthumb -mcpu=cortex-m3 -IE:/Users/Bert/Documents/GitHub/VS_BSPv2.0/BSP2.0/ -IInc -IDrivers/CMSIS/Device/ST/STM32F1xx/Include -IDrivers/STM32F1xx_HAL_Driver/Inc -IDrivers/STM32F1xx_HAL_Driver/Src -IDrivers/STM32F1xx_HAL_Driver/Inc/Legacy -IDrivers/CMSIS/Include -ggdb -O3 -DARM_MATH_CM3 -DSTM32F103RCTx -DNDEBUG=1 -DRELEASE=1 -Dflash_layout -DSTM32F103xE -DNDEBUG=1 -DRELEASE=1 -ffunction-sections -fdata-sections   -c "Drivers/STM32F1xx_HAL_Driver/Src/stm32f1xx_hal_cortex.c" -o "VisualGDB/Release/stm32f1xx_hal_cortex.o" -MD -MP -MF "VisualGDB/Release/stm32f1xx_hal_cortex.dep"
         stm32f1xx_hal_tim.c
         c:\sysgcc\arm-eabi\bin\arm-eabi-gcc.exe -mthumb -mcpu=cortex-m3 -IE:/Users/Bert/Documents/GitHub/VS_BSPv2.0/BSP2.0/ -IInc -IDrivers/CMSIS/Device/ST/STM32F1xx/Include -IDrivers/STM32F1xx_HAL_Driver/Inc -IDrivers/STM32F1xx_HAL_Driver/Src -IDrivers/STM32F1xx_HAL_Driver/Inc/Legacy -IDrivers/CMSIS/Include -ggdb -O3 -DARM_MATH_CM3 -DSTM32F103RCTx -DNDEBUG=1 -DRELEASE=1 -Dflash_layout -DSTM32F103xE -DNDEBUG=1 -DRELEASE=1 -ffunction-sections -fdata-sections   -c "Drivers/STM32F1xx_HAL_Driver/Src/stm32f1xx_hal_tim.c" -o "VisualGDB/Release/stm32f1xx_hal_tim.o" -MD -MP -MF "VisualGDB/Release/stm32f1xx_hal_tim.dep"
         stm32f1xx_hal_tim_ex.c
         c:\sysgcc\arm-eabi\bin\arm-eabi-gcc.exe -mthumb -mcpu=cortex-m3 -IE:/Users/Bert/Documents/GitHub/VS_BSPv2.0/BSP2.0/ -IInc -IDrivers/CMSIS/Device/ST/STM32F1xx/Include -IDrivers/STM32F1xx_HAL_Driver/Inc -IDrivers/STM32F1xx_HAL_Driver/Src -IDrivers/STM32F1xx_HAL_Driver/Inc/Legacy -IDrivers/CMSIS/Include -ggdb -O3 -DARM_MATH_CM3 -DSTM32F103RCTx -DNDEBUG=1 -DRELEASE=1 -Dflash_layout -DSTM32F103xE -DNDEBUG=1 -DRELEASE=1 -ffunction-sections -fdata-sections   -c "Drivers/STM32F1xx_HAL_Driver/Src/stm32f1xx_hal_tim_ex.c" -o "VisualGDB/Release/stm32f1xx_hal_tim_ex.o" -MD -MP -MF "VisualGDB/Release/stm32f1xx_hal_tim_ex.dep"
         stm32f1xx_hal_dma.c
         c:\sysgcc\arm-eabi\bin\arm-eabi-gcc.exe -mthumb -mcpu=cortex-m3 -IE:/Users/Bert/Documents/GitHub/VS_BSPv2.0/BSP2.0/ -IInc -IDrivers/CMSIS/Device/ST/STM32F1xx/Include -IDrivers/STM32F1xx_HAL_Driver/Inc -IDrivers/STM32F1xx_HAL_Driver/Src -IDrivers/STM32F1xx_HAL_Driver/Inc/Legacy -IDrivers/CMSIS/Include -ggdb -O3 -DARM_MATH_CM3 -DSTM32F103RCTx -DNDEBUG=1 -DRELEASE=1 -Dflash_layout -DSTM32F103xE -DNDEBUG=1 -DRELEASE=1 -ffunction-sections -fdata-sections   -c "Drivers/STM32F1xx_HAL_Driver/Src/stm32f1xx_hal_dma.c" -o "VisualGDB/Release/stm32f1xx_hal_dma.o" -MD -MP -MF "VisualGDB/Release/stm32f1xx_hal_dma.dep"
         stm32f1xx_hal_i2c.c
         c:\sysgcc\arm-eabi\bin\arm-eabi-gcc.exe -mthumb -mcpu=cortex-m3 -IE:/Users/Bert/Documents/GitHub/VS_BSPv2.0/BSP2.0/ -IInc -IDrivers/CMSIS/Device/ST/STM32F1xx/Include -IDrivers/STM32F1xx_HAL_Driver/Inc -IDrivers/STM32F1xx_HAL_Driver/Src -IDrivers/STM32F1xx_HAL_Driver/Inc/Legacy -IDrivers/CMSIS/Include -ggdb -O3 -DARM_MATH_CM3 -DSTM32F103RCTx -DNDEBUG=1 -DRELEASE=1 -Dflash_layout -DSTM32F103xE -DNDEBUG=1 -DRELEASE=1 -ffunction-sections -fdata-sections   -c "Drivers/STM32F1xx_HAL_Driver/Src/stm32f1xx_hal_i2c.c" -o "VisualGDB/Release/stm32f1xx_hal_i2c.o" -MD -MP -MF "VisualGDB/Release/stm32f1xx_hal_i2c.dep"
         startup_stm32f103xe.c
         c:\sysgcc\arm-eabi\bin\arm-eabi-gcc.exe -mthumb -mcpu=cortex-m3 -IE:/Users/Bert/Documents/GitHub/VS_BSPv2.0/BSP2.0/ -IInc -IDrivers/CMSIS/Device/ST/STM32F1xx/Include -IDrivers/STM32F1xx_HAL_Driver/Inc -IDrivers/STM32F1xx_HAL_Driver/Src -IDrivers/STM32F1xx_HAL_Driver/Inc/Legacy -IDrivers/CMSIS/Include -ggdb -O3 -DARM_MATH_CM3 -DSTM32F103RCTx -DNDEBUG=1 -DRELEASE=1 -Dflash_layout -DSTM32F103xE -DNDEBUG=1 -DRELEASE=1 -ffunction-sections -fdata-sections   -c "C:/Users/Bert/AppData/Local/VisualGDB/EmbeddedBSPs/arm-eabi/com.sysprogs.arm.stm32/STM32F1xxxx/StartupFiles/startup_stm32f103xe.c" -o "VisualGDB/Release/startup_stm32f103xe.o" -MD -MP -MF "VisualGDB/Release/startup_stm32f103xe.dep"
         stm32f1xx_hal_gpio_ex.c
         c:\sysgcc\arm-eabi\bin\arm-eabi-gcc.exe -mthumb -mcpu=cortex-m3 -IE:/Users/Bert/Documents/GitHub/VS_BSPv2.0/BSP2.0/ -IInc -IDrivers/CMSIS/Device/ST/STM32F1xx/Include -IDrivers/STM32F1xx_HAL_Driver/Inc -IDrivers/STM32F1xx_HAL_Driver/Src -IDrivers/STM32F1xx_HAL_Driver/Inc/Legacy -IDrivers/CMSIS/Include -ggdb -O3 -DARM_MATH_CM3 -DSTM32F103RCTx -DNDEBUG=1 -DRELEASE=1 -Dflash_layout -DSTM32F103xE -DNDEBUG=1 -DRELEASE=1 -ffunction-sections -fdata-sections   -c "Drivers/STM32F1xx_HAL_Driver/Src/stm32f1xx_hal_gpio_ex.c" -o "VisualGDB/Release/stm32f1xx_hal_gpio_ex.o" -MD -MP -MF "VisualGDB/Release/stm32f1xx_hal_gpio_ex.dep"
       Link:
         c:\sysgcc\arm-eabi\bin\arm-eabi-g++.exe -o ../VisualGDB/Release/VS_BSPv2.0 -Wl,-gc-sections -TC:/Users/Bert/AppData/Local/VisualGDB/EmbeddedBSPs/arm-eabi/com.sysprogs.arm.stm32/STM32F1xxxx/LinkerScripts/STM32F103RCTx_flash.lds --specs=nano.specs -u _printf_float --specs=nosys.specs  -mthumb -mcpu=cortex-m3  -Wl,--start-group VisualGDB/Release/BSP_DAC5571.o VisualGDB/Release/bsp_DataTransmissionLayer.o VisualGDB/Release/bsp_gentlesensor.o VisualGDB/Release/bsp_led.o VisualGDB/Release/bsp_motor.o VisualGDB/Release/bsp_ProtocolLayer.o VisualGDB/Release/gpio.o VisualGDB/Release/adc.o VisualGDB/Release/dma.o VisualGDB/Release/i2c.o VisualGDB/Release/spi.o VisualGDB/Release/tim.o VisualGDB/Release/usart.o VisualGDB/Release/stm32f1xx_it.o VisualGDB/Release/stm32f1xx_hal_msp.o VisualGDB/Release/main.o VisualGDB/Release/system_stm32f1xx.o VisualGDB/Release/stm32f1xx_hal.o VisualGDB/Release/stm32f1xx_hal_adc.o VisualGDB/Release/stm32f1xx_hal_adc_ex.o VisualGDB/Release/stm32f1xx_hal_uart.o VisualGDB/Release/stm32f1xx_hal_pwr.o VisualGDB/Release/stm32f1xx_hal_spi.o VisualGDB/Release/stm32f1xx_hal_spi_ex.o VisualGDB/Release/stm32f1xx_hal_flash.o VisualGDB/Release/stm32f1xx_hal_flash_ex.o VisualGDB/Release/stm32f1xx_hal_gpio.o VisualGDB/Release/stm32f1xx_hal_rcc.o VisualGDB/Release/stm32f1xx_hal_rcc_ex.o VisualGDB/Release/stm32f1xx_hal_cortex.o VisualGDB/Release/stm32f1xx_hal_tim.o VisualGDB/Release/stm32f1xx_hal_tim_ex.o VisualGDB/Release/stm32f1xx_hal_dma.o VisualGDB/Release/stm32f1xx_hal_i2c.o VisualGDB/Release/startup_stm32f103xe.o VisualGDB/Release/stm32f1xx_hal_gpio_ex.o -Wl,--end-group
         Linking ../VisualGDB/Release/VS_BSPv2.0...
       GenerateBinFile:
         c:\sysgcc\arm-eabi\bin\arm-eabi-objcopy.exe  -O binary E:/Users/Bert/Documents/GitHub/VS_BSPv2.0/VisualGDB/Release/VS_BSPv2.0 ../VisualGDB/Release/VS_BSPv2.bin
       GenerateHexFile:
         c:\sysgcc\arm-eabi\bin\arm-eabi-objcopy.exe -O ihex E:/Users/Bert/Documents/GitHub/VS_BSPv2.0/VisualGDB/Release/VS_BSPv2.0 ../VisualGDB/Release/VS_BSPv2.hex
       OutputMemoryUtilization:
         ------------------- Memory utilization report -------------------
         Used FLASH: 30KB out of 256KB (12%) [-88]
         Used RAM: 3084 bytes out of 48KB (6%)
     1>已完成生成项目“E:\Users\Bert\Documents\GitHub\VS_BSPv2.0\BSP2.0\VS_BSPv2.0.vcxproj”(Build 个目标)的操作。

生成成功。

已用时间 00:00:17.33
