e:\users\bert\documents\github\vs_bspv2.0\visualgdb\release\vs_bspv2.link.rsp
e:\users\bert\documents\github\vs_bspv2.0\visualgdb\release\vs_bspv2.mkbin.rsp
e:\users\bert\documents\github\vs_bspv2.0\visualgdb\release\vs_bspv2.mkihex.rsp
e:\users\bert\documents\github\vs_bspv2.0\visualgdb\release\vs_bspv2.bin
e:\users\bert\documents\github\vs_bspv2.0\bsp2.0\visualgdb\release\adc.o
e:\users\bert\documents\github\vs_bspv2.0\bsp2.0\visualgdb\release\bsp_airsensor.o
e:\users\bert\documents\github\vs_bspv2.0\bsp2.0\visualgdb\release\bsp_dac5571.o
e:\users\bert\documents\github\vs_bspv2.0\bsp2.0\visualgdb\release\bsp_datatransmissionlayer.o
e:\users\bert\documents\github\vs_bspv2.0\bsp2.0\visualgdb\release\bsp_filteringalgorithm.o
e:\users\bert\documents\github\vs_bspv2.0\bsp2.0\visualgdb\release\bsp_gentlesensor.o
e:\users\bert\documents\github\vs_bspv2.0\bsp2.0\visualgdb\release\bsp_led.o
e:\users\bert\documents\github\vs_bspv2.0\bsp2.0\visualgdb\release\bsp_log.o
e:\users\bert\documents\github\vs_bspv2.0\bsp2.0\visualgdb\release\bsp_motor.o
e:\users\bert\documents\github\vs_bspv2.0\bsp2.0\visualgdb\release\bsp_protocollayer.o
e:\users\bert\documents\github\vs_bspv2.0\bsp2.0\visualgdb\release\bsp_remotecontrol.o
e:\users\bert\documents\github\vs_bspv2.0\bsp2.0\visualgdb\release\dma.o
e:\users\bert\documents\github\vs_bspv2.0\bsp2.0\visualgdb\release\gpio.o
e:\users\bert\documents\github\vs_bspv2.0\bsp2.0\visualgdb\release\i2c.o
e:\users\bert\documents\github\vs_bspv2.0\bsp2.0\visualgdb\release\main.o
e:\users\bert\documents\github\vs_bspv2.0\bsp2.0\visualgdb\release\spi.o
e:\users\bert\documents\github\vs_bspv2.0\bsp2.0\visualgdb\release\startup_stm32f103xe.o
e:\users\bert\documents\github\vs_bspv2.0\bsp2.0\visualgdb\release\stm32f1xx_hal.o
e:\users\bert\documents\github\vs_bspv2.0\bsp2.0\visualgdb\release\stm32f1xx_hal_adc.o
e:\users\bert\documents\github\vs_bspv2.0\bsp2.0\visualgdb\release\stm32f1xx_hal_adc_ex.o
e:\users\bert\documents\github\vs_bspv2.0\bsp2.0\visualgdb\release\stm32f1xx_hal_cortex.o
e:\users\bert\documents\github\vs_bspv2.0\bsp2.0\visualgdb\release\stm32f1xx_hal_dma.o
e:\users\bert\documents\github\vs_bspv2.0\bsp2.0\visualgdb\release\stm32f1xx_hal_flash.o
e:\users\bert\documents\github\vs_bspv2.0\bsp2.0\visualgdb\release\stm32f1xx_hal_flash_ex.o
e:\users\bert\documents\github\vs_bspv2.0\bsp2.0\visualgdb\release\stm32f1xx_hal_gpio.o
e:\users\bert\documents\github\vs_bspv2.0\bsp2.0\visualgdb\release\stm32f1xx_hal_gpio_ex.o
e:\users\bert\documents\github\vs_bspv2.0\bsp2.0\visualgdb\release\stm32f1xx_hal_i2c.o
e:\users\bert\documents\github\vs_bspv2.0\bsp2.0\visualgdb\release\stm32f1xx_hal_msp.o
e:\users\bert\documents\github\vs_bspv2.0\bsp2.0\visualgdb\release\stm32f1xx_hal_pwr.o
e:\users\bert\documents\github\vs_bspv2.0\bsp2.0\visualgdb\release\stm32f1xx_hal_rcc.o
e:\users\bert\documents\github\vs_bspv2.0\bsp2.0\visualgdb\release\stm32f1xx_hal_rcc_ex.o
e:\users\bert\documents\github\vs_bspv2.0\bsp2.0\visualgdb\release\stm32f1xx_hal_spi.o
e:\users\bert\documents\github\vs_bspv2.0\bsp2.0\visualgdb\release\stm32f1xx_hal_spi_ex.o
e:\users\bert\documents\github\vs_bspv2.0\bsp2.0\visualgdb\release\stm32f1xx_hal_tim.o
e:\users\bert\documents\github\vs_bspv2.0\bsp2.0\visualgdb\release\stm32f1xx_hal_tim_ex.o
e:\users\bert\documents\github\vs_bspv2.0\bsp2.0\visualgdb\release\stm32f1xx_hal_uart.o
e:\users\bert\documents\github\vs_bspv2.0\bsp2.0\visualgdb\release\stm32f1xx_it.o
e:\users\bert\documents\github\vs_bspv2.0\bsp2.0\visualgdb\release\system_stm32f1xx.o
e:\users\bert\documents\github\vs_bspv2.0\bsp2.0\visualgdb\release\tim.o
e:\users\bert\documents\github\vs_bspv2.0\bsp2.0\visualgdb\release\usart.o
e:\users\bert\documents\github\vs_bspv2.0\bsp2.0\visualgdb\release\adc.dep
e:\users\bert\documents\github\vs_bspv2.0\bsp2.0\visualgdb\release\bsp_airsensor.dep
e:\users\bert\documents\github\vs_bspv2.0\bsp2.0\visualgdb\release\bsp_dac5571.dep
e:\users\bert\documents\github\vs_bspv2.0\bsp2.0\visualgdb\release\bsp_datatransmissionlayer.dep
e:\users\bert\documents\github\vs_bspv2.0\bsp2.0\visualgdb\release\bsp_filteringalgorithm.dep
e:\users\bert\documents\github\vs_bspv2.0\bsp2.0\visualgdb\release\bsp_gentlesensor.dep
e:\users\bert\documents\github\vs_bspv2.0\bsp2.0\visualgdb\release\bsp_led.dep
e:\users\bert\documents\github\vs_bspv2.0\bsp2.0\visualgdb\release\bsp_log.dep
e:\users\bert\documents\github\vs_bspv2.0\bsp2.0\visualgdb\release\bsp_motor.dep
e:\users\bert\documents\github\vs_bspv2.0\bsp2.0\visualgdb\release\bsp_protocollayer.dep
e:\users\bert\documents\github\vs_bspv2.0\bsp2.0\visualgdb\release\bsp_remotecontrol.dep
e:\users\bert\documents\github\vs_bspv2.0\bsp2.0\visualgdb\release\dma.dep
e:\users\bert\documents\github\vs_bspv2.0\bsp2.0\visualgdb\release\gpio.dep
e:\users\bert\documents\github\vs_bspv2.0\bsp2.0\visualgdb\release\i2c.dep
e:\users\bert\documents\github\vs_bspv2.0\bsp2.0\visualgdb\release\main.dep
e:\users\bert\documents\github\vs_bspv2.0\bsp2.0\visualgdb\release\spi.dep
e:\users\bert\documents\github\vs_bspv2.0\bsp2.0\visualgdb\release\startup_stm32f103xe.dep
e:\users\bert\documents\github\vs_bspv2.0\bsp2.0\visualgdb\release\stm32f1xx_hal.dep
e:\users\bert\documents\github\vs_bspv2.0\bsp2.0\visualgdb\release\stm32f1xx_hal_adc.dep
e:\users\bert\documents\github\vs_bspv2.0\bsp2.0\visualgdb\release\stm32f1xx_hal_adc_ex.dep
e:\users\bert\documents\github\vs_bspv2.0\bsp2.0\visualgdb\release\stm32f1xx_hal_cortex.dep
e:\users\bert\documents\github\vs_bspv2.0\bsp2.0\visualgdb\release\stm32f1xx_hal_dma.dep
e:\users\bert\documents\github\vs_bspv2.0\bsp2.0\visualgdb\release\stm32f1xx_hal_flash.dep
e:\users\bert\documents\github\vs_bspv2.0\bsp2.0\visualgdb\release\stm32f1xx_hal_flash_ex.dep
e:\users\bert\documents\github\vs_bspv2.0\bsp2.0\visualgdb\release\stm32f1xx_hal_gpio.dep
e:\users\bert\documents\github\vs_bspv2.0\bsp2.0\visualgdb\release\stm32f1xx_hal_gpio_ex.dep
e:\users\bert\documents\github\vs_bspv2.0\bsp2.0\visualgdb\release\stm32f1xx_hal_i2c.dep
e:\users\bert\documents\github\vs_bspv2.0\bsp2.0\visualgdb\release\stm32f1xx_hal_msp.dep
e:\users\bert\documents\github\vs_bspv2.0\bsp2.0\visualgdb\release\stm32f1xx_hal_pwr.dep
e:\users\bert\documents\github\vs_bspv2.0\bsp2.0\visualgdb\release\stm32f1xx_hal_rcc.dep
e:\users\bert\documents\github\vs_bspv2.0\bsp2.0\visualgdb\release\stm32f1xx_hal_rcc_ex.dep
e:\users\bert\documents\github\vs_bspv2.0\bsp2.0\visualgdb\release\stm32f1xx_hal_spi.dep
e:\users\bert\documents\github\vs_bspv2.0\bsp2.0\visualgdb\release\stm32f1xx_hal_spi_ex.dep
e:\users\bert\documents\github\vs_bspv2.0\bsp2.0\visualgdb\release\stm32f1xx_hal_tim.dep
e:\users\bert\documents\github\vs_bspv2.0\bsp2.0\visualgdb\release\stm32f1xx_hal_tim_ex.dep
e:\users\bert\documents\github\vs_bspv2.0\bsp2.0\visualgdb\release\stm32f1xx_hal_uart.dep
e:\users\bert\documents\github\vs_bspv2.0\bsp2.0\visualgdb\release\stm32f1xx_it.dep
e:\users\bert\documents\github\vs_bspv2.0\bsp2.0\visualgdb\release\system_stm32f1xx.dep
e:\users\bert\documents\github\vs_bspv2.0\bsp2.0\visualgdb\release\tim.dep
e:\users\bert\documents\github\vs_bspv2.0\bsp2.0\visualgdb\release\usart.dep
e:\users\bert\documents\github\vs_bspv2.0\bsp2.0\visualgdb\release\adc.gcc.rsp
e:\users\bert\documents\github\vs_bspv2.0\bsp2.0\visualgdb\release\bsp_airsensor.gcc.rsp
e:\users\bert\documents\github\vs_bspv2.0\bsp2.0\visualgdb\release\bsp_dac5571.gcc.rsp
e:\users\bert\documents\github\vs_bspv2.0\bsp2.0\visualgdb\release\bsp_datatransmissionlayer.gcc.rsp
e:\users\bert\documents\github\vs_bspv2.0\bsp2.0\visualgdb\release\bsp_filteringalgorithm.gcc.rsp
e:\users\bert\documents\github\vs_bspv2.0\bsp2.0\visualgdb\release\bsp_gentlesensor.gcc.rsp
e:\users\bert\documents\github\vs_bspv2.0\bsp2.0\visualgdb\release\bsp_led.gcc.rsp
e:\users\bert\documents\github\vs_bspv2.0\bsp2.0\visualgdb\release\bsp_log.gcc.rsp
e:\users\bert\documents\github\vs_bspv2.0\bsp2.0\visualgdb\release\bsp_motor.gcc.rsp
e:\users\bert\documents\github\vs_bspv2.0\bsp2.0\visualgdb\release\bsp_protocollayer.gcc.rsp
e:\users\bert\documents\github\vs_bspv2.0\bsp2.0\visualgdb\release\bsp_remotecontrol.gcc.rsp
e:\users\bert\documents\github\vs_bspv2.0\bsp2.0\visualgdb\release\dma.gcc.rsp
e:\users\bert\documents\github\vs_bspv2.0\bsp2.0\visualgdb\release\gpio.gcc.rsp
e:\users\bert\documents\github\vs_bspv2.0\bsp2.0\visualgdb\release\i2c.gcc.rsp
e:\users\bert\documents\github\vs_bspv2.0\bsp2.0\visualgdb\release\main.gcc.rsp
e:\users\bert\documents\github\vs_bspv2.0\bsp2.0\visualgdb\release\spi.gcc.rsp
e:\users\bert\documents\github\vs_bspv2.0\bsp2.0\visualgdb\release\startup_stm32f103xe.gcc.rsp
e:\users\bert\documents\github\vs_bspv2.0\bsp2.0\visualgdb\release\stm32f1xx_hal.gcc.rsp
e:\users\bert\documents\github\vs_bspv2.0\bsp2.0\visualgdb\release\stm32f1xx_hal_adc.gcc.rsp
e:\users\bert\documents\github\vs_bspv2.0\bsp2.0\visualgdb\release\stm32f1xx_hal_adc_ex.gcc.rsp
e:\users\bert\documents\github\vs_bspv2.0\bsp2.0\visualgdb\release\stm32f1xx_hal_cortex.gcc.rsp
e:\users\bert\documents\github\vs_bspv2.0\bsp2.0\visualgdb\release\stm32f1xx_hal_dma.gcc.rsp
e:\users\bert\documents\github\vs_bspv2.0\bsp2.0\visualgdb\release\stm32f1xx_hal_flash.gcc.rsp
e:\users\bert\documents\github\vs_bspv2.0\bsp2.0\visualgdb\release\stm32f1xx_hal_flash_ex.gcc.rsp
e:\users\bert\documents\github\vs_bspv2.0\bsp2.0\visualgdb\release\stm32f1xx_hal_gpio.gcc.rsp
e:\users\bert\documents\github\vs_bspv2.0\bsp2.0\visualgdb\release\stm32f1xx_hal_gpio_ex.gcc.rsp
e:\users\bert\documents\github\vs_bspv2.0\bsp2.0\visualgdb\release\stm32f1xx_hal_i2c.gcc.rsp
e:\users\bert\documents\github\vs_bspv2.0\bsp2.0\visualgdb\release\stm32f1xx_hal_msp.gcc.rsp
e:\users\bert\documents\github\vs_bspv2.0\bsp2.0\visualgdb\release\stm32f1xx_hal_pwr.gcc.rsp
e:\users\bert\documents\github\vs_bspv2.0\bsp2.0\visualgdb\release\stm32f1xx_hal_rcc.gcc.rsp
e:\users\bert\documents\github\vs_bspv2.0\bsp2.0\visualgdb\release\stm32f1xx_hal_rcc_ex.gcc.rsp
e:\users\bert\documents\github\vs_bspv2.0\bsp2.0\visualgdb\release\stm32f1xx_hal_spi.gcc.rsp
e:\users\bert\documents\github\vs_bspv2.0\bsp2.0\visualgdb\release\stm32f1xx_hal_spi_ex.gcc.rsp
e:\users\bert\documents\github\vs_bspv2.0\bsp2.0\visualgdb\release\stm32f1xx_hal_tim.gcc.rsp
e:\users\bert\documents\github\vs_bspv2.0\bsp2.0\visualgdb\release\stm32f1xx_hal_tim_ex.gcc.rsp
e:\users\bert\documents\github\vs_bspv2.0\bsp2.0\visualgdb\release\stm32f1xx_hal_uart.gcc.rsp
e:\users\bert\documents\github\vs_bspv2.0\bsp2.0\visualgdb\release\stm32f1xx_it.gcc.rsp
e:\users\bert\documents\github\vs_bspv2.0\bsp2.0\visualgdb\release\system_stm32f1xx.gcc.rsp
e:\users\bert\documents\github\vs_bspv2.0\bsp2.0\visualgdb\release\tim.gcc.rsp
e:\users\bert\documents\github\vs_bspv2.0\bsp2.0\visualgdb\release\usart.gcc.rsp
e:\users\bert\documents\github\vs_bspv2.0\bsp2.0\visualgdb\release\vs_bspv2.0.alldeps
