e:\users\bertz\source\githubold(2017)\vs_bspv2.0\visualgdb\debug\vs_bspv2.link.rsp
e:\users\bertz\source\githubold(2017)\vs_bspv2.0\visualgdb\debug\vs_bspv2.mkbin.rsp
e:\users\bertz\source\githubold(2017)\vs_bspv2.0\visualgdb\debug\vs_bspv2.mkihex.rsp
e:\users\bertz\source\githubold(2017)\vs_bspv2.0\visualgdb\debug\vs_bspv2.bin
e:\users\bertz\source\githubold(2017)\vs_bspv2.0\bsp2.0\visualgdb\debug\adc.o
e:\users\bertz\source\githubold(2017)\vs_bspv2.0\bsp2.0\visualgdb\debug\bsp_dac5571.o
e:\users\bertz\source\githubold(2017)\vs_bspv2.0\bsp2.0\visualgdb\debug\bsp_datatransmissionlayer.o
e:\users\bertz\source\githubold(2017)\vs_bspv2.0\bsp2.0\visualgdb\debug\bsp_gentlesensor.o
e:\users\bertz\source\githubold(2017)\vs_bspv2.0\bsp2.0\visualgdb\debug\bsp_led.o
e:\users\bertz\source\githubold(2017)\vs_bspv2.0\bsp2.0\visualgdb\debug\bsp_motor.o
e:\users\bertz\source\githubold(2017)\vs_bspv2.0\bsp2.0\visualgdb\debug\bsp_protocollayer.o
e:\users\bertz\source\githubold(2017)\vs_bspv2.0\bsp2.0\visualgdb\debug\dma.o
e:\users\bertz\source\githubold(2017)\vs_bspv2.0\bsp2.0\visualgdb\debug\gpio.o
e:\users\bertz\source\githubold(2017)\vs_bspv2.0\bsp2.0\visualgdb\debug\i2c.o
e:\users\bertz\source\githubold(2017)\vs_bspv2.0\bsp2.0\visualgdb\debug\main.o
e:\users\bertz\source\githubold(2017)\vs_bspv2.0\bsp2.0\visualgdb\debug\spi.o
e:\users\bertz\source\githubold(2017)\vs_bspv2.0\bsp2.0\visualgdb\debug\startup_stm32f103xe.o
e:\users\bertz\source\githubold(2017)\vs_bspv2.0\bsp2.0\visualgdb\debug\stm32f1xx_hal.o
e:\users\bertz\source\githubold(2017)\vs_bspv2.0\bsp2.0\visualgdb\debug\stm32f1xx_hal_adc.o
e:\users\bertz\source\githubold(2017)\vs_bspv2.0\bsp2.0\visualgdb\debug\stm32f1xx_hal_adc_ex.o
e:\users\bertz\source\githubold(2017)\vs_bspv2.0\bsp2.0\visualgdb\debug\stm32f1xx_hal_cortex.o
e:\users\bertz\source\githubold(2017)\vs_bspv2.0\bsp2.0\visualgdb\debug\stm32f1xx_hal_dma.o
e:\users\bertz\source\githubold(2017)\vs_bspv2.0\bsp2.0\visualgdb\debug\stm32f1xx_hal_flash.o
e:\users\bertz\source\githubold(2017)\vs_bspv2.0\bsp2.0\visualgdb\debug\stm32f1xx_hal_flash_ex.o
e:\users\bertz\source\githubold(2017)\vs_bspv2.0\bsp2.0\visualgdb\debug\stm32f1xx_hal_gpio.o
e:\users\bertz\source\githubold(2017)\vs_bspv2.0\bsp2.0\visualgdb\debug\stm32f1xx_hal_gpio_ex.o
e:\users\bertz\source\githubold(2017)\vs_bspv2.0\bsp2.0\visualgdb\debug\stm32f1xx_hal_i2c.o
e:\users\bertz\source\githubold(2017)\vs_bspv2.0\bsp2.0\visualgdb\debug\stm32f1xx_hal_msp.o
e:\users\bertz\source\githubold(2017)\vs_bspv2.0\bsp2.0\visualgdb\debug\stm32f1xx_hal_pwr.o
e:\users\bertz\source\githubold(2017)\vs_bspv2.0\bsp2.0\visualgdb\debug\stm32f1xx_hal_rcc.o
e:\users\bertz\source\githubold(2017)\vs_bspv2.0\bsp2.0\visualgdb\debug\stm32f1xx_hal_rcc_ex.o
e:\users\bertz\source\githubold(2017)\vs_bspv2.0\bsp2.0\visualgdb\debug\stm32f1xx_hal_spi.o
e:\users\bertz\source\githubold(2017)\vs_bspv2.0\bsp2.0\visualgdb\debug\stm32f1xx_hal_spi_ex.o
e:\users\bertz\source\githubold(2017)\vs_bspv2.0\bsp2.0\visualgdb\debug\stm32f1xx_hal_tim.o
e:\users\bertz\source\githubold(2017)\vs_bspv2.0\bsp2.0\visualgdb\debug\stm32f1xx_hal_tim_ex.o
e:\users\bertz\source\githubold(2017)\vs_bspv2.0\bsp2.0\visualgdb\debug\stm32f1xx_hal_uart.o
e:\users\bertz\source\githubold(2017)\vs_bspv2.0\bsp2.0\visualgdb\debug\stm32f1xx_it.o
e:\users\bertz\source\githubold(2017)\vs_bspv2.0\bsp2.0\visualgdb\debug\system_stm32f1xx.o
e:\users\bertz\source\githubold(2017)\vs_bspv2.0\bsp2.0\visualgdb\debug\tim.o
e:\users\bertz\source\githubold(2017)\vs_bspv2.0\bsp2.0\visualgdb\debug\usart.o
e:\users\bertz\source\githubold(2017)\vs_bspv2.0\bsp2.0\visualgdb\debug\adc.dep
e:\users\bertz\source\githubold(2017)\vs_bspv2.0\bsp2.0\visualgdb\debug\bsp_dac5571.dep
e:\users\bertz\source\githubold(2017)\vs_bspv2.0\bsp2.0\visualgdb\debug\bsp_datatransmissionlayer.dep
e:\users\bertz\source\githubold(2017)\vs_bspv2.0\bsp2.0\visualgdb\debug\bsp_gentlesensor.dep
e:\users\bertz\source\githubold(2017)\vs_bspv2.0\bsp2.0\visualgdb\debug\bsp_led.dep
e:\users\bertz\source\githubold(2017)\vs_bspv2.0\bsp2.0\visualgdb\debug\bsp_motor.dep
e:\users\bertz\source\githubold(2017)\vs_bspv2.0\bsp2.0\visualgdb\debug\bsp_protocollayer.dep
e:\users\bertz\source\githubold(2017)\vs_bspv2.0\bsp2.0\visualgdb\debug\dma.dep
e:\users\bertz\source\githubold(2017)\vs_bspv2.0\bsp2.0\visualgdb\debug\gpio.dep
e:\users\bertz\source\githubold(2017)\vs_bspv2.0\bsp2.0\visualgdb\debug\i2c.dep
e:\users\bertz\source\githubold(2017)\vs_bspv2.0\bsp2.0\visualgdb\debug\main.dep
e:\users\bertz\source\githubold(2017)\vs_bspv2.0\bsp2.0\visualgdb\debug\spi.dep
e:\users\bertz\source\githubold(2017)\vs_bspv2.0\bsp2.0\visualgdb\debug\startup_stm32f103xe.dep
e:\users\bertz\source\githubold(2017)\vs_bspv2.0\bsp2.0\visualgdb\debug\stm32f1xx_hal.dep
e:\users\bertz\source\githubold(2017)\vs_bspv2.0\bsp2.0\visualgdb\debug\stm32f1xx_hal_adc.dep
e:\users\bertz\source\githubold(2017)\vs_bspv2.0\bsp2.0\visualgdb\debug\stm32f1xx_hal_adc_ex.dep
e:\users\bertz\source\githubold(2017)\vs_bspv2.0\bsp2.0\visualgdb\debug\stm32f1xx_hal_cortex.dep
e:\users\bertz\source\githubold(2017)\vs_bspv2.0\bsp2.0\visualgdb\debug\stm32f1xx_hal_dma.dep
e:\users\bertz\source\githubold(2017)\vs_bspv2.0\bsp2.0\visualgdb\debug\stm32f1xx_hal_flash.dep
e:\users\bertz\source\githubold(2017)\vs_bspv2.0\bsp2.0\visualgdb\debug\stm32f1xx_hal_flash_ex.dep
e:\users\bertz\source\githubold(2017)\vs_bspv2.0\bsp2.0\visualgdb\debug\stm32f1xx_hal_gpio.dep
e:\users\bertz\source\githubold(2017)\vs_bspv2.0\bsp2.0\visualgdb\debug\stm32f1xx_hal_gpio_ex.dep
e:\users\bertz\source\githubold(2017)\vs_bspv2.0\bsp2.0\visualgdb\debug\stm32f1xx_hal_i2c.dep
e:\users\bertz\source\githubold(2017)\vs_bspv2.0\bsp2.0\visualgdb\debug\stm32f1xx_hal_msp.dep
e:\users\bertz\source\githubold(2017)\vs_bspv2.0\bsp2.0\visualgdb\debug\stm32f1xx_hal_pwr.dep
e:\users\bertz\source\githubold(2017)\vs_bspv2.0\bsp2.0\visualgdb\debug\stm32f1xx_hal_rcc.dep
e:\users\bertz\source\githubold(2017)\vs_bspv2.0\bsp2.0\visualgdb\debug\stm32f1xx_hal_rcc_ex.dep
e:\users\bertz\source\githubold(2017)\vs_bspv2.0\bsp2.0\visualgdb\debug\stm32f1xx_hal_spi.dep
e:\users\bertz\source\githubold(2017)\vs_bspv2.0\bsp2.0\visualgdb\debug\stm32f1xx_hal_spi_ex.dep
e:\users\bertz\source\githubold(2017)\vs_bspv2.0\bsp2.0\visualgdb\debug\stm32f1xx_hal_tim.dep
e:\users\bertz\source\githubold(2017)\vs_bspv2.0\bsp2.0\visualgdb\debug\stm32f1xx_hal_tim_ex.dep
e:\users\bertz\source\githubold(2017)\vs_bspv2.0\bsp2.0\visualgdb\debug\stm32f1xx_hal_uart.dep
e:\users\bertz\source\githubold(2017)\vs_bspv2.0\bsp2.0\visualgdb\debug\stm32f1xx_it.dep
e:\users\bertz\source\githubold(2017)\vs_bspv2.0\bsp2.0\visualgdb\debug\system_stm32f1xx.dep
e:\users\bertz\source\githubold(2017)\vs_bspv2.0\bsp2.0\visualgdb\debug\tim.dep
e:\users\bertz\source\githubold(2017)\vs_bspv2.0\bsp2.0\visualgdb\debug\usart.dep
e:\users\bertz\source\githubold(2017)\vs_bspv2.0\bsp2.0\visualgdb\debug\adc.gcc.rsp
e:\users\bertz\source\githubold(2017)\vs_bspv2.0\bsp2.0\visualgdb\debug\bsp_dac5571.gcc.rsp
e:\users\bertz\source\githubold(2017)\vs_bspv2.0\bsp2.0\visualgdb\debug\bsp_datatransmissionlayer.gcc.rsp
e:\users\bertz\source\githubold(2017)\vs_bspv2.0\bsp2.0\visualgdb\debug\bsp_gentlesensor.gcc.rsp
e:\users\bertz\source\githubold(2017)\vs_bspv2.0\bsp2.0\visualgdb\debug\bsp_led.gcc.rsp
e:\users\bertz\source\githubold(2017)\vs_bspv2.0\bsp2.0\visualgdb\debug\bsp_motor.gcc.rsp
e:\users\bertz\source\githubold(2017)\vs_bspv2.0\bsp2.0\visualgdb\debug\bsp_protocollayer.gcc.rsp
e:\users\bertz\source\githubold(2017)\vs_bspv2.0\bsp2.0\visualgdb\debug\dma.gcc.rsp
e:\users\bertz\source\githubold(2017)\vs_bspv2.0\bsp2.0\visualgdb\debug\gpio.gcc.rsp
e:\users\bertz\source\githubold(2017)\vs_bspv2.0\bsp2.0\visualgdb\debug\i2c.gcc.rsp
e:\users\bertz\source\githubold(2017)\vs_bspv2.0\bsp2.0\visualgdb\debug\main.gcc.rsp
e:\users\bertz\source\githubold(2017)\vs_bspv2.0\bsp2.0\visualgdb\debug\spi.gcc.rsp
e:\users\bertz\source\githubold(2017)\vs_bspv2.0\bsp2.0\visualgdb\debug\startup_stm32f103xe.gcc.rsp
e:\users\bertz\source\githubold(2017)\vs_bspv2.0\bsp2.0\visualgdb\debug\stm32f1xx_hal.gcc.rsp
e:\users\bertz\source\githubold(2017)\vs_bspv2.0\bsp2.0\visualgdb\debug\stm32f1xx_hal_adc.gcc.rsp
e:\users\bertz\source\githubold(2017)\vs_bspv2.0\bsp2.0\visualgdb\debug\stm32f1xx_hal_adc_ex.gcc.rsp
e:\users\bertz\source\githubold(2017)\vs_bspv2.0\bsp2.0\visualgdb\debug\stm32f1xx_hal_cortex.gcc.rsp
e:\users\bertz\source\githubold(2017)\vs_bspv2.0\bsp2.0\visualgdb\debug\stm32f1xx_hal_dma.gcc.rsp
e:\users\bertz\source\githubold(2017)\vs_bspv2.0\bsp2.0\visualgdb\debug\stm32f1xx_hal_flash.gcc.rsp
e:\users\bertz\source\githubold(2017)\vs_bspv2.0\bsp2.0\visualgdb\debug\stm32f1xx_hal_flash_ex.gcc.rsp
e:\users\bertz\source\githubold(2017)\vs_bspv2.0\bsp2.0\visualgdb\debug\stm32f1xx_hal_gpio.gcc.rsp
e:\users\bertz\source\githubold(2017)\vs_bspv2.0\bsp2.0\visualgdb\debug\stm32f1xx_hal_gpio_ex.gcc.rsp
e:\users\bertz\source\githubold(2017)\vs_bspv2.0\bsp2.0\visualgdb\debug\stm32f1xx_hal_i2c.gcc.rsp
e:\users\bertz\source\githubold(2017)\vs_bspv2.0\bsp2.0\visualgdb\debug\stm32f1xx_hal_msp.gcc.rsp
e:\users\bertz\source\githubold(2017)\vs_bspv2.0\bsp2.0\visualgdb\debug\stm32f1xx_hal_pwr.gcc.rsp
e:\users\bertz\source\githubold(2017)\vs_bspv2.0\bsp2.0\visualgdb\debug\stm32f1xx_hal_rcc.gcc.rsp
e:\users\bertz\source\githubold(2017)\vs_bspv2.0\bsp2.0\visualgdb\debug\stm32f1xx_hal_rcc_ex.gcc.rsp
e:\users\bertz\source\githubold(2017)\vs_bspv2.0\bsp2.0\visualgdb\debug\stm32f1xx_hal_spi.gcc.rsp
e:\users\bertz\source\githubold(2017)\vs_bspv2.0\bsp2.0\visualgdb\debug\stm32f1xx_hal_spi_ex.gcc.rsp
e:\users\bertz\source\githubold(2017)\vs_bspv2.0\bsp2.0\visualgdb\debug\stm32f1xx_hal_tim.gcc.rsp
e:\users\bertz\source\githubold(2017)\vs_bspv2.0\bsp2.0\visualgdb\debug\stm32f1xx_hal_tim_ex.gcc.rsp
e:\users\bertz\source\githubold(2017)\vs_bspv2.0\bsp2.0\visualgdb\debug\stm32f1xx_hal_uart.gcc.rsp
e:\users\bertz\source\githubold(2017)\vs_bspv2.0\bsp2.0\visualgdb\debug\stm32f1xx_it.gcc.rsp
e:\users\bertz\source\githubold(2017)\vs_bspv2.0\bsp2.0\visualgdb\debug\system_stm32f1xx.gcc.rsp
e:\users\bertz\source\githubold(2017)\vs_bspv2.0\bsp2.0\visualgdb\debug\tim.gcc.rsp
e:\users\bertz\source\githubold(2017)\vs_bspv2.0\bsp2.0\visualgdb\debug\usart.gcc.rsp
e:\users\bertz\source\githubold(2017)\vs_bspv2.0\bsp2.0\visualgdb\debug\vs_bspv2.0.alldeps
